[debug] [2021-06-29T02:09:11.067Z] ----------------------------------------------------------------------
[debug] [2021-06-29T02:09:11.069Z] Command:       C:\Program Files\nodejs\node.exe C:\Users\HaThang\AppData\Roaming\npm\node_modules\firebase-tools\lib\bin\firebase.js emulators:start
[debug] [2021-06-29T02:09:11.069Z] CLI Version:   9.14.0
[debug] [2021-06-29T02:09:11.070Z] Platform:      win32
[debug] [2021-06-29T02:09:11.070Z] Node Version:  v14.17.1
[debug] [2021-06-29T02:09:11.079Z] Time:          Mon Jun 28 2021 22:09:11 GMT-0400 (Eastern Daylight Time)
[debug] [2021-06-29T02:09:11.080Z] ----------------------------------------------------------------------
[debug] 
[debug] [2021-06-29T02:09:11.096Z] > command requires scopes: ["email","openid","https://www.googleapis.com/auth/cloudplatformprojects.readonly","https://www.googleapis.com/auth/firebase","https://www.googleapis.com/auth/cloud-platform"]
[debug] [2021-06-29T02:09:11.097Z] > authorizing via signed-in user (thang.hv.dev@gmail.com)
[info] i  emulators: Starting emulators: functions, hosting {"metadata":{"emulator":{"name":"hub"},"message":"Starting emulators: functions, hosting"}}
[debug] [2021-06-29T02:09:11.128Z] [hub] writing locator at C:\Users\HaThang\AppData\Local\Temp\hub-amazin-b9e18.json
[warn] !  functions: The following emulators are not running, calls to these services from the Functions emulator will affect production: auth, firestore, database, pubsub, storage {"metadata":{"emulator":{"name":"functions"},"message":"The following emulators are not running, calls to these services from the Functions emulator will affect production: \u001b[1mauth, firestore, database, pubsub, storage\u001b[22m"}}
[info] +  functions: Using node@14 from host. {"metadata":{"emulator":{"name":"functions"},"message":"Using node@14 from host."}}
[debug] [2021-06-29T02:09:11.221Z] defaultcredentials: writing to file C:\Users\HaThang\AppData\Roaming\firebase\thang_hv.dev_gmail.com_application_default_credentials.json
[debug] [2021-06-29T02:09:11.225Z] Setting GAC to C:\Users\HaThang\AppData\Roaming\firebase\thang_hv.dev_gmail.com_application_default_credentials.json {"metadata":{"emulator":{"name":"functions"},"message":"Setting GAC to C:\\Users\\HaThang\\AppData\\Roaming\\firebase\\thang_hv.dev_gmail.com_application_default_credentials.json"}}
[debug] [2021-06-29T02:09:11.230Z] > refreshing access token with scopes: []
[debug] [2021-06-29T02:09:11.231Z] >>> HTTP REQUEST POST https://www.googleapis.com/oauth2/v3/token  
 <request body omitted>
[debug] [2021-06-29T02:09:11.584Z] <<< HTTP RESPONSE 200 {"pragma":"no-cache","date":"Tue, 29 Jun 2021 02:09:11 GMT","cache-control":"no-cache, no-store, max-age=0, must-revalidate","expires":"Mon, 01 Jan 1990 00:00:00 GMT","content-type":"application/json; charset=utf-8","vary":"X-Origin, Referer, Origin,Accept-Encoding","server":"scaffolding on HTTPServer2","x-xss-protection":"0","x-frame-options":"SAMEORIGIN","x-content-type-options":"nosniff","alt-svc":"h3=\":443\"; ma=2592000,h3-29=\":443\"; ma=2592000,h3-T051=\":443\"; ma=2592000,h3-Q050=\":443\"; ma=2592000,h3-Q046=\":443\"; ma=2592000,h3-Q043=\":443\"; ma=2592000,quic=\":443\"; ma=2592000; v=\"46,43\"","accept-ranges":"none","transfer-encoding":"chunked"}
[debug] [2021-06-29T02:09:11.617Z] >>> [apiv2][query] GET https://firebase.googleapis.com/v1beta1/projects/amazin-b9e18/adminSdkConfig [none]
[debug] [2021-06-29T02:09:12.702Z] <<< [apiv2][status] GET https://firebase.googleapis.com/v1beta1/projects/amazin-b9e18/adminSdkConfig 200
[debug] [2021-06-29T02:09:12.703Z] <<< [apiv2][body] GET https://firebase.googleapis.com/v1beta1/projects/amazin-b9e18/adminSdkConfig {"projectId":"amazin-b9e18","storageBucket":"amazin-b9e18.appspot.com","locationId":"us-central"}
[debug] [2021-06-29T02:09:12.735Z] >>> [apiv2][query] GET https://firebasehosting.googleapis.com/v1beta1/projects/amazin-b9e18/sites 
[debug] [2021-06-29T02:09:14.025Z] <<< [apiv2][status] GET https://firebasehosting.googleapis.com/v1beta1/projects/amazin-b9e18/sites 200
[debug] [2021-06-29T02:09:14.026Z] <<< [apiv2][body] GET https://firebasehosting.googleapis.com/v1beta1/projects/amazin-b9e18/sites {"sites":[{"name":"projects/343270504712/sites/amazin-b9e18","defaultUrl":"https://amazin-b9e18.web.app","appId":"1:343270504712:web:3674050bb1c4b86c2994bd","type":"DEFAULT_SITE"}]}
[debug] [2021-06-29T02:09:14.027Z] >>> [apiv2][query] GET https://firebase.googleapis.com/v1beta1/projects/amazin-b9e18/webApps/1:343270504712:web:3674050bb1c4b86c2994bd/config [none]
[debug] [2021-06-29T02:09:15.486Z] <<< [apiv2][status] GET https://firebase.googleapis.com/v1beta1/projects/amazin-b9e18/webApps/1:343270504712:web:3674050bb1c4b86c2994bd/config 200
[debug] [2021-06-29T02:09:15.487Z] <<< [apiv2][body] GET https://firebase.googleapis.com/v1beta1/projects/amazin-b9e18/webApps/1:343270504712:web:3674050bb1c4b86c2994bd/config {"projectId":"amazin-b9e18","appId":"1:343270504712:web:3674050bb1c4b86c2994bd","storageBucket":"amazin-b9e18.appspot.com","locationId":"us-central","apiKey":"AIzaSyAtzwEMt6gD8iKp-sby_FJTTD8wXo4Rb04","authDomain":"amazin-b9e18.firebaseapp.com","messagingSenderId":"343270504712","measurementId":"G-GQSFJTEBJX"}
[info] i  hosting: Serving hosting files from: build {"metadata":{"emulator":{"name":"hosting"},"message":"Serving hosting files from: \u001b[1mbuild\u001b[22m"}}
[info] +  hosting: Local server: http://localhost:5000 {"metadata":{"emulator":{"name":"hosting"},"message":"Local server: \u001b[4m\u001b[1mhttp://localhost:5000\u001b[22m\u001b[24m"}}
[debug] [2021-06-29T02:09:15.547Z] Ignoring unsupported arg: auto_download {"metadata":{"emulator":{"name":"ui"},"message":"Ignoring unsupported arg: auto_download"}}
[debug] [2021-06-29T02:09:15.547Z] Ignoring unsupported arg: port {"metadata":{"emulator":{"name":"ui"},"message":"Ignoring unsupported arg: port"}}
[debug] [2021-06-29T02:09:15.547Z] Starting Emulator UI with command {"binary":"node","args":["C:\\Users\\HaThang\\.cache\\firebase\\emulators\\ui-v1.5.0\\server.bundle.js"],"optionalArgs":[],"joinArgs":false} {"metadata":{"emulator":{"name":"ui"},"message":"Starting Emulator UI with command {\"binary\":\"node\",\"args\":[\"C:\\\\Users\\\\HaThang\\\\.cache\\\\firebase\\\\emulators\\\\ui-v1.5.0\\\\server.bundle.js\"],\"optionalArgs\":[],\"joinArgs\":false}"}}
[info] i  ui: Emulator UI logging to ui-debug.log {"metadata":{"emulator":{"name":"ui"},"message":"Emulator UI logging to \u001b[1mui-debug.log\u001b[22m"}}
[debug] [2021-06-29T02:09:15.668Z] Web / API server started at http://localhost:4000
 {"metadata":{"emulator":{"name":"ui"},"message":"Web / API server started at http://localhost:4000\n"}}
[info] i  functions: Watching "D:\My Project\BeforeInterviewing\Amazin\functions" for Cloud Functions... {"metadata":{"emulator":{"name":"functions"},"message":"Watching \"D:\\My Project\\BeforeInterviewing\\Amazin\\functions\" for Cloud Functions..."}}
[debug] [2021-06-29T02:09:15.861Z] [worker-pool] addWorker(~diagnostic~) {"metadata":{"emulator":{"name":"functions"},"message":"[worker-pool] addWorker(~diagnostic~)"}}
[debug] [2021-06-29T02:09:15.862Z] [worker-pool] Adding worker with key ~diagnostic~, total=1 {"metadata":{"emulator":{"name":"functions"},"message":"[worker-pool] Adding worker with key ~diagnostic~, total=1"}}
[debug] [2021-06-29T02:09:15.862Z] [worker-pool] submitWork(triggerId=) {"metadata":{"emulator":{"name":"functions"},"message":"[worker-pool] submitWork(triggerId=)"}}
[debug] [2021-06-29T02:09:15.863Z] [worker-~diagnostic~-4b1ba86d-5b84-43d6-bc39-68a789531e0e]: Assigning socketPath: \\?\pipe\D:\My Project\BeforeInterviewing\Amazin\functions\5424 {"metadata":{"emulator":{"name":"functions"},"message":"[worker-~diagnostic~-4b1ba86d-5b84-43d6-bc39-68a789531e0e]: Assigning socketPath: \\\\?\\pipe\\D:\\My Project\\BeforeInterviewing\\Amazin\\functions\\5424"}}
[debug] [2021-06-29T02:09:15.864Z] [worker-~diagnostic~-4b1ba86d-5b84-43d6-bc39-68a789531e0e]: BUSY {"metadata":{"emulator":{"name":"functions"},"message":"[worker-~diagnostic~-4b1ba86d-5b84-43d6-bc39-68a789531e0e]: BUSY"}}
[debug] [2021-06-29T02:09:16.034Z] [runtime-status] [5424] Functions runtime initialized. {"cwd":"D:\\My Project\\BeforeInterviewing\\Amazin\\functions","node_version":"14.17.1"} {"metadata":{"emulator":{"name":"functions"},"message":"[runtime-status] [5424] Functions runtime initialized. {\"cwd\":\"D:\\\\My Project\\\\BeforeInterviewing\\\\Amazin\\\\functions\",\"node_version\":\"14.17.1\"}"}}
[debug] [2021-06-29T02:09:16.035Z] [runtime-status] [5424] Disabled runtime features: undefined {"metadata":{"emulator":{"name":"functions"},"message":"[runtime-status] [5424] Disabled runtime features: undefined"}}
[debug] [2021-06-29T02:09:16.037Z] [runtime-status] [5424] Resolved module firebase-admin {"declared":true,"installed":true,"version":"9.10.0","resolution":"D:\\My Project\\BeforeInterviewing\\Amazin\\functions\\node_modules\\firebase-admin\\lib\\index.js"} {"metadata":{"emulator":{"name":"functions"},"message":"[runtime-status] [5424] Resolved module firebase-admin {\"declared\":true,\"installed\":true,\"version\":\"9.10.0\",\"resolution\":\"D:\\\\My Project\\\\BeforeInterviewing\\\\Amazin\\\\functions\\\\node_modules\\\\firebase-admin\\\\lib\\\\index.js\"}"}}
[debug] [2021-06-29T02:09:16.039Z] [runtime-status] [5424] Resolved module firebase-functions {"declared":true,"installed":true,"version":"3.14.1","resolution":"D:\\My Project\\BeforeInterviewing\\Amazin\\functions\\node_modules\\firebase-functions\\lib\\index.js"} {"metadata":{"emulator":{"name":"functions"},"message":"[runtime-status] [5424] Resolved module firebase-functions {\"declared\":true,\"installed\":true,\"version\":\"3.14.1\",\"resolution\":\"D:\\\\My Project\\\\BeforeInterviewing\\\\Amazin\\\\functions\\\\node_modules\\\\firebase-functions\\\\lib\\\\index.js\"}"}}
[debug] [2021-06-29T02:09:16.040Z] [runtime-status] [5424] Resolved module firebase-functions {"declared":true,"installed":true,"version":"3.14.1","resolution":"D:\\My Project\\BeforeInterviewing\\Amazin\\functions\\node_modules\\firebase-functions\\lib\\index.js"} {"metadata":{"emulator":{"name":"functions"},"message":"[runtime-status] [5424] Resolved module firebase-functions {\"declared\":true,\"installed\":true,\"version\":\"3.14.1\",\"resolution\":\"D:\\\\My Project\\\\BeforeInterviewing\\\\Amazin\\\\functions\\\\node_modules\\\\firebase-functions\\\\lib\\\\index.js\"}"}}
[debug] [2021-06-29T02:09:16.042Z] [runtime-status] [5424] Outgoing network have been stubbed. [{"name":"http","status":"mocked"},{"name":"http","status":"mocked"},{"name":"https","status":"mocked"},{"name":"https","status":"mocked"},{"name":"net","status":"mocked"}] {"metadata":{"emulator":{"name":"functions"},"message":"[runtime-status] [5424] Outgoing network have been stubbed. [{\"name\":\"http\",\"status\":\"mocked\"},{\"name\":\"http\",\"status\":\"mocked\"},{\"name\":\"https\",\"status\":\"mocked\"},{\"name\":\"https\",\"status\":\"mocked\"},{\"name\":\"net\",\"status\":\"mocked\"}]"}}
[debug] [2021-06-29T02:09:16.042Z] [runtime-status] [5424] Resolved module firebase-functions {"declared":true,"installed":true,"version":"3.14.1","resolution":"D:\\My Project\\BeforeInterviewing\\Amazin\\functions\\node_modules\\firebase-functions\\lib\\index.js"} {"metadata":{"emulator":{"name":"functions"},"message":"[runtime-status] [5424] Resolved module firebase-functions {\"declared\":true,\"installed\":true,\"version\":\"3.14.1\",\"resolution\":\"D:\\\\My Project\\\\BeforeInterviewing\\\\Amazin\\\\functions\\\\node_modules\\\\firebase-functions\\\\lib\\\\index.js\"}"}}
[debug] [2021-06-29T02:09:16.127Z] [runtime-status] [5424] Checked functions.config() {"config":{}} {"metadata":{"emulator":{"name":"functions"},"message":"[runtime-status] [5424] Checked functions.config() {\"config\":{}}"}}
[debug] [2021-06-29T02:09:16.127Z] [runtime-status] [5424] firebase-functions has been stubbed. {"functionsResolution":{"declared":true,"installed":true,"version":"3.14.1","resolution":"D:\\My Project\\BeforeInterviewing\\Amazin\\functions\\node_modules\\firebase-functions\\lib\\index.js"}} {"metadata":{"emulator":{"name":"functions"},"message":"[runtime-status] [5424] firebase-functions has been stubbed. {\"functionsResolution\":{\"declared\":true,\"installed\":true,\"version\":\"3.14.1\",\"resolution\":\"D:\\\\My Project\\\\BeforeInterviewing\\\\Amazin\\\\functions\\\\node_modules\\\\firebase-functions\\\\lib\\\\index.js\"}}"}}
[debug] [2021-06-29T02:09:16.127Z] [runtime-status] [5424] Resolved module firebase-functions {"declared":true,"installed":true,"version":"3.14.1","resolution":"D:\\My Project\\BeforeInterviewing\\Amazin\\functions\\node_modules\\firebase-functions\\lib\\index.js"} {"metadata":{"emulator":{"name":"functions"},"message":"[runtime-status] [5424] Resolved module firebase-functions {\"declared\":true,\"installed\":true,\"version\":\"3.14.1\",\"resolution\":\"D:\\\\My Project\\\\BeforeInterviewing\\\\Amazin\\\\functions\\\\node_modules\\\\firebase-functions\\\\lib\\\\index.js\"}"}}
[debug] [2021-06-29T02:09:16.128Z] [runtime-status] [5424] Resolved module firebase-admin {"declared":true,"installed":true,"version":"9.10.0","resolution":"D:\\My Project\\BeforeInterviewing\\Amazin\\functions\\node_modules\\firebase-admin\\lib\\index.js"} {"metadata":{"emulator":{"name":"functions"},"message":"[runtime-status] [5424] Resolved module firebase-admin {\"declared\":true,\"installed\":true,\"version\":\"9.10.0\",\"resolution\":\"D:\\\\My Project\\\\BeforeInterviewing\\\\Amazin\\\\functions\\\\node_modules\\\\firebase-admin\\\\lib\\\\index.js\"}"}}
[debug] [2021-06-29T02:09:16.129Z] [runtime-status] [5424] Resolved module firebase-functions {"declared":true,"installed":true,"version":"3.14.1","resolution":"D:\\My Project\\BeforeInterviewing\\Amazin\\functions\\node_modules\\firebase-functions\\lib\\index.js"} {"metadata":{"emulator":{"name":"functions"},"message":"[runtime-status] [5424] Resolved module firebase-functions {\"declared\":true,\"installed\":true,\"version\":\"3.14.1\",\"resolution\":\"D:\\\\My Project\\\\BeforeInterviewing\\\\Amazin\\\\functions\\\\node_modules\\\\firebase-functions\\\\lib\\\\index.js\"}"}}
[debug] [2021-06-29T02:09:16.129Z] [runtime-status] [5424] firebase-admin has been stubbed. {"adminResolution":{"declared":true,"installed":true,"version":"9.10.0","resolution":"D:\\My Project\\BeforeInterviewing\\Amazin\\functions\\node_modules\\firebase-admin\\lib\\index.js"}} {"metadata":{"emulator":{"name":"functions"},"message":"[runtime-status] [5424] firebase-admin has been stubbed. {\"adminResolution\":{\"declared\":true,\"installed\":true,\"version\":\"9.10.0\",\"resolution\":\"D:\\\\My Project\\\\BeforeInterviewing\\\\Amazin\\\\functions\\\\node_modules\\\\firebase-admin\\\\lib\\\\index.js\"}}"}}
[info] +  functions[us-central1-api]: http function initialized (http://localhost:5001/amazin-b9e18/us-central1/api). {"metadata":{"emulator":{"name":"functions"},"message":"\u001b[1mhttp\u001b[22m function initialized (http://localhost:5001/amazin-b9e18/us-central1/api)."}}
[info] 
┌─────────────────────────────────────────────────────────────┐
│ ✔  All emulators ready! It is now safe to connect your app. │
│ i  View Emulator UI at http://localhost:4000                │
└─────────────────────────────────────────────────────────────┘

┌───────────┬────────────────┬─────────────────────────────────┐
│ Emulator  │ Host:Port      │ View in Emulator UI             │
├───────────┼────────────────┼─────────────────────────────────┤
│ Functions │ localhost:5001 │ http://localhost:4000/functions │
├───────────┼────────────────┼─────────────────────────────────┤
│ Hosting   │ localhost:5000 │ n/a                             │
└───────────┴────────────────┴─────────────────────────────────┘
  Emulator Hub running at localhost:4400
  Other reserved ports: 4500

Issues? Report them at https://github.com/firebase/firebase-tools/issues and attach the *-debug.log files.
 
[debug] [2021-06-29T02:09:16.363Z] [worker-~diagnostic~-4b1ba86d-5b84-43d6-bc39-68a789531e0e]: IDLE {"metadata":{"emulator":{"name":"functions"},"message":"[worker-~diagnostic~-4b1ba86d-5b84-43d6-bc39-68a789531e0e]: IDLE"}}
[debug] [2021-06-29T02:10:01.039Z] [work-queue] {"queueLength":1,"workRunningCount":0}
[debug] [2021-06-29T02:10:01.040Z] [work-queue] {"queueLength":0,"workRunningCount":1}
[debug] [2021-06-29T02:10:01.042Z] Accepted request GET /amazin-b9e18/us-central1/api --> us-central1-api
[debug] [2021-06-29T02:10:01.059Z] [worker-pool] addWorker(us-central1-api) {"metadata":{"emulator":{"name":"functions"},"message":"[worker-pool] addWorker(us-central1-api)"}}
[debug] [2021-06-29T02:10:01.060Z] [worker-pool] Adding worker with key us-central1-api, total=1 {"metadata":{"emulator":{"name":"functions"},"message":"[worker-pool] Adding worker with key us-central1-api, total=1"}}
[debug] [2021-06-29T02:10:01.060Z] [worker-pool] submitWork(triggerId=us-central1-api) {"metadata":{"emulator":{"name":"functions"},"message":"[worker-pool] submitWork(triggerId=us-central1-api)"}}
[debug] [2021-06-29T02:10:01.061Z] [worker-us-central1-api-d54e285e-814b-41c5-8479-c654fcbc1006]: Assigning socketPath: \\?\pipe\D:\My Project\BeforeInterviewing\Amazin\functions\19940 {"metadata":{"emulator":{"name":"functions"},"message":"[worker-us-central1-api-d54e285e-814b-41c5-8479-c654fcbc1006]: Assigning socketPath: \\\\?\\pipe\\D:\\My Project\\BeforeInterviewing\\Amazin\\functions\\19940"}}
[debug] [2021-06-29T02:10:01.061Z] [worker-us-central1-api-d54e285e-814b-41c5-8479-c654fcbc1006]: BUSY {"metadata":{"emulator":{"name":"functions"},"message":"[worker-us-central1-api-d54e285e-814b-41c5-8479-c654fcbc1006]: BUSY"}}
[debug] [2021-06-29T02:10:01.290Z] [runtime-status] [19940] Functions runtime initialized. {"cwd":"D:\\My Project\\BeforeInterviewing\\Amazin\\functions","node_version":"14.17.1"} {"metadata":{"emulator":{"name":"functions"},"function":{"name":"us-central1-api"},"message":"[runtime-status] [19940] Functions runtime initialized. {\"cwd\":\"D:\\\\My Project\\\\BeforeInterviewing\\\\Amazin\\\\functions\",\"node_version\":\"14.17.1\"}"}}
[debug] [2021-06-29T02:10:01.292Z] [runtime-status] [19940] Disabled runtime features: undefined {"metadata":{"emulator":{"name":"functions"},"function":{"name":"us-central1-api"},"message":"[runtime-status] [19940] Disabled runtime features: undefined"}}
[debug] [2021-06-29T02:10:01.294Z] [runtime-status] [19940] Resolved module firebase-admin {"declared":true,"installed":true,"version":"9.10.0","resolution":"D:\\My Project\\BeforeInterviewing\\Amazin\\functions\\node_modules\\firebase-admin\\lib\\index.js"} {"metadata":{"emulator":{"name":"functions"},"function":{"name":"us-central1-api"},"message":"[runtime-status] [19940] Resolved module firebase-admin {\"declared\":true,\"installed\":true,\"version\":\"9.10.0\",\"resolution\":\"D:\\\\My Project\\\\BeforeInterviewing\\\\Amazin\\\\functions\\\\node_modules\\\\firebase-admin\\\\lib\\\\index.js\"}"}}
[debug] [2021-06-29T02:10:01.295Z] [runtime-status] [19940] Resolved module firebase-functions {"declared":true,"installed":true,"version":"3.14.1","resolution":"D:\\My Project\\BeforeInterviewing\\Amazin\\functions\\node_modules\\firebase-functions\\lib\\index.js"} {"metadata":{"emulator":{"name":"functions"},"function":{"name":"us-central1-api"},"message":"[runtime-status] [19940] Resolved module firebase-functions {\"declared\":true,\"installed\":true,\"version\":\"3.14.1\",\"resolution\":\"D:\\\\My Project\\\\BeforeInterviewing\\\\Amazin\\\\functions\\\\node_modules\\\\firebase-functions\\\\lib\\\\index.js\"}"}}
[debug] [2021-06-29T02:10:01.296Z] [runtime-status] [19940] Resolved module firebase-functions {"declared":true,"installed":true,"version":"3.14.1","resolution":"D:\\My Project\\BeforeInterviewing\\Amazin\\functions\\node_modules\\firebase-functions\\lib\\index.js"} {"metadata":{"emulator":{"name":"functions"},"function":{"name":"us-central1-api"},"message":"[runtime-status] [19940] Resolved module firebase-functions {\"declared\":true,\"installed\":true,\"version\":\"3.14.1\",\"resolution\":\"D:\\\\My Project\\\\BeforeInterviewing\\\\Amazin\\\\functions\\\\node_modules\\\\firebase-functions\\\\lib\\\\index.js\"}"}}
[debug] [2021-06-29T02:10:01.298Z] [runtime-status] [19940] Outgoing network have been stubbed. [{"name":"http","status":"mocked"},{"name":"http","status":"mocked"},{"name":"https","status":"mocked"},{"name":"https","status":"mocked"},{"name":"net","status":"mocked"}] {"metadata":{"emulator":{"name":"functions"},"function":{"name":"us-central1-api"},"message":"[runtime-status] [19940] Outgoing network have been stubbed. [{\"name\":\"http\",\"status\":\"mocked\"},{\"name\":\"http\",\"status\":\"mocked\"},{\"name\":\"https\",\"status\":\"mocked\"},{\"name\":\"https\",\"status\":\"mocked\"},{\"name\":\"net\",\"status\":\"mocked\"}]"}}
[debug] [2021-06-29T02:10:01.298Z] [runtime-status] [19940] Resolved module firebase-functions {"declared":true,"installed":true,"version":"3.14.1","resolution":"D:\\My Project\\BeforeInterviewing\\Amazin\\functions\\node_modules\\firebase-functions\\lib\\index.js"} {"metadata":{"emulator":{"name":"functions"},"function":{"name":"us-central1-api"},"message":"[runtime-status] [19940] Resolved module firebase-functions {\"declared\":true,\"installed\":true,\"version\":\"3.14.1\",\"resolution\":\"D:\\\\My Project\\\\BeforeInterviewing\\\\Amazin\\\\functions\\\\node_modules\\\\firebase-functions\\\\lib\\\\index.js\"}"}}
[debug] [2021-06-29T02:10:01.335Z] [runtime-status] [19940] Checked functions.config() {"config":{}} {"metadata":{"emulator":{"name":"functions"},"function":{"name":"us-central1-api"},"message":"[runtime-status] [19940] Checked functions.config() {\"config\":{}}"}}
[debug] [2021-06-29T02:10:01.335Z] [runtime-status] [19940] firebase-functions has been stubbed. {"functionsResolution":{"declared":true,"installed":true,"version":"3.14.1","resolution":"D:\\My Project\\BeforeInterviewing\\Amazin\\functions\\node_modules\\firebase-functions\\lib\\index.js"}} {"metadata":{"emulator":{"name":"functions"},"function":{"name":"us-central1-api"},"message":"[runtime-status] [19940] firebase-functions has been stubbed. {\"functionsResolution\":{\"declared\":true,\"installed\":true,\"version\":\"3.14.1\",\"resolution\":\"D:\\\\My Project\\\\BeforeInterviewing\\\\Amazin\\\\functions\\\\node_modules\\\\firebase-functions\\\\lib\\\\index.js\"}}"}}
[debug] [2021-06-29T02:10:01.335Z] [runtime-status] [19940] Resolved module firebase-functions {"declared":true,"installed":true,"version":"3.14.1","resolution":"D:\\My Project\\BeforeInterviewing\\Amazin\\functions\\node_modules\\firebase-functions\\lib\\index.js"} {"metadata":{"emulator":{"name":"functions"},"function":{"name":"us-central1-api"},"message":"[runtime-status] [19940] Resolved module firebase-functions {\"declared\":true,\"installed\":true,\"version\":\"3.14.1\",\"resolution\":\"D:\\\\My Project\\\\BeforeInterviewing\\\\Amazin\\\\functions\\\\node_modules\\\\firebase-functions\\\\lib\\\\index.js\"}"}}
[debug] [2021-06-29T02:10:01.336Z] [runtime-status] [19940] Resolved module firebase-admin {"declared":true,"installed":true,"version":"9.10.0","resolution":"D:\\My Project\\BeforeInterviewing\\Amazin\\functions\\node_modules\\firebase-admin\\lib\\index.js"} {"metadata":{"emulator":{"name":"functions"},"function":{"name":"us-central1-api"},"message":"[runtime-status] [19940] Resolved module firebase-admin {\"declared\":true,\"installed\":true,\"version\":\"9.10.0\",\"resolution\":\"D:\\\\My Project\\\\BeforeInterviewing\\\\Amazin\\\\functions\\\\node_modules\\\\firebase-admin\\\\lib\\\\index.js\"}"}}
[debug] [2021-06-29T02:10:01.337Z] [runtime-status] [19940] Resolved module firebase-functions {"declared":true,"installed":true,"version":"3.14.1","resolution":"D:\\My Project\\BeforeInterviewing\\Amazin\\functions\\node_modules\\firebase-functions\\lib\\index.js"} {"metadata":{"emulator":{"name":"functions"},"function":{"name":"us-central1-api"},"message":"[runtime-status] [19940] Resolved module firebase-functions {\"declared\":true,\"installed\":true,\"version\":\"3.14.1\",\"resolution\":\"D:\\\\My Project\\\\BeforeInterviewing\\\\Amazin\\\\functions\\\\node_modules\\\\firebase-functions\\\\lib\\\\index.js\"}"}}
[debug] [2021-06-29T02:10:01.337Z] [runtime-status] [19940] firebase-admin has been stubbed. {"adminResolution":{"declared":true,"installed":true,"version":"9.10.0","resolution":"D:\\My Project\\BeforeInterviewing\\Amazin\\functions\\node_modules\\firebase-admin\\lib\\index.js"}} {"metadata":{"emulator":{"name":"functions"},"function":{"name":"us-central1-api"},"message":"[runtime-status] [19940] firebase-admin has been stubbed. {\"adminResolution\":{\"declared\":true,\"installed\":true,\"version\":\"9.10.0\",\"resolution\":\"D:\\\\My Project\\\\BeforeInterviewing\\\\Amazin\\\\functions\\\\node_modules\\\\firebase-admin\\\\lib\\\\index.js\"}}"}}
[debug] [2021-06-29T02:10:01.458Z] [runtime-status] [19940] Trigger "us-central1-api" has been found, beginning invocation! {"metadata":{"emulator":{"name":"functions"},"function":{"name":"us-central1-api"},"message":"[runtime-status] [19940] Trigger \"us-central1-api\" has been found, beginning invocation!"}}
[info] i  functions: Beginning execution of "us-central1-api" {"metadata":{"emulator":{"name":"functions"},"function":{"name":"us-central1-api"},"message":"Beginning execution of \"us-central1-api\""}}
[debug] [2021-06-29T02:10:01.459Z] [runtime-status] [19940] triggerDefinition {"httpsTrigger":{},"name":"api","entryPoint":"api","regions":["us-central1"],"region":"us-central1","id":"us-central1-api"} {"metadata":{"emulator":{"name":"functions"},"function":{"name":"us-central1-api"},"message":"[runtime-status] [19940] triggerDefinition {\"httpsTrigger\":{},\"name\":\"api\",\"entryPoint\":\"api\",\"regions\":[\"us-central1\"],\"region\":\"us-central1\",\"id\":\"us-central1-api\"}"}}
[debug] [2021-06-29T02:10:01.459Z] [runtime-status] [19940] Running us-central1-api in mode HTTPS {"metadata":{"emulator":{"name":"functions"},"function":{"name":"us-central1-api"},"message":"[runtime-status] [19940] Running us-central1-api in mode HTTPS"}}
[debug] [2021-06-29T02:10:01.461Z] [runtime-status] [19940] Attempting to listen to socketPath: \\?\pipe\D:\My Project\BeforeInterviewing\Amazin\functions\19940 {"metadata":{"emulator":{"name":"functions"},"function":{"name":"us-central1-api"},"message":"[runtime-status] [19940] Attempting to listen to socketPath: \\\\?\\pipe\\D:\\My Project\\BeforeInterviewing\\Amazin\\functions\\19940"}}
[debug] [2021-06-29T02:10:01.464Z] [functions] Runtime ready! Sending request! {"metadata":{"emulator":{"name":"functions"},"message":"[functions] Runtime ready! Sending request!"}}
[debug] [2021-06-29T02:10:01.465Z] [functions] Got req.url=/amazin-b9e18/us-central1/api, mapping to path=/ {"metadata":{"emulator":{"name":"functions"},"message":"[functions] Got req.url=/amazin-b9e18/us-central1/api, mapping to path=/"}}
[debug] [2021-06-29T02:10:01.474Z] [runtime-status] [19940] Ephemeral server handling GET request {"metadata":{"emulator":{"name":"functions"},"function":{"name":"us-central1-api"},"message":"[runtime-status] [19940] Ephemeral server handling GET request"}}
[debug] [2021-06-29T02:10:01.482Z] [runtime-status] [19940] Ephemeral server survived. {"metadata":{"emulator":{"name":"functions"},"function":{"name":"us-central1-api"},"message":"[runtime-status] [19940] Ephemeral server survived."}}
[info] i  functions: Finished "us-central1-api" in ~1s {"metadata":{"emulator":{"name":"functions"},"function":{"name":"us-central1-api"},"message":"Finished \"us-central1-api\" in ~1s"}}
[debug] [2021-06-29T02:10:01.485Z] [worker-us-central1-api-d54e285e-814b-41c5-8479-c654fcbc1006]: IDLE {"metadata":{"emulator":{"name":"functions"},"message":"[worker-us-central1-api-d54e285e-814b-41c5-8479-c654fcbc1006]: IDLE"}}
[debug] [2021-06-29T02:10:01.486Z] [work-queue] {"queueLength":0,"workRunningCount":0}
[debug] [2021-06-29T02:10:01.541Z] Functions emulator received unknown request at path /favicon.ico
[debug] [2021-06-29T02:10:14.671Z] [work-queue] {"queueLength":1,"workRunningCount":0}
[debug] [2021-06-29T02:10:14.672Z] [work-queue] {"queueLength":0,"workRunningCount":1}
[debug] [2021-06-29T02:10:14.673Z] Accepted request GET /amazin-b9e18/us-central1/api --> us-central1-api
[debug] [2021-06-29T02:10:14.674Z] [worker-pool] submitWork(triggerId=us-central1-api) {"metadata":{"emulator":{"name":"functions"},"message":"[worker-pool] submitWork(triggerId=us-central1-api)"}}
[debug] [2021-06-29T02:10:14.674Z] [worker-us-central1-api-d54e285e-814b-41c5-8479-c654fcbc1006]: Assigning socketPath: \\?\pipe\D:\My Project\BeforeInterviewing\Amazin\functions\19940 {"metadata":{"emulator":{"name":"functions"},"message":"[worker-us-central1-api-d54e285e-814b-41c5-8479-c654fcbc1006]: Assigning socketPath: \\\\?\\pipe\\D:\\My Project\\BeforeInterviewing\\Amazin\\functions\\19940"}}
[debug] [2021-06-29T02:10:14.675Z] [worker-us-central1-api-d54e285e-814b-41c5-8479-c654fcbc1006]: BUSY {"metadata":{"emulator":{"name":"functions"},"message":"[worker-us-central1-api-d54e285e-814b-41c5-8479-c654fcbc1006]: BUSY"}}
[debug] [2021-06-29T02:10:14.678Z] [runtime-status] [19940] Trigger "us-central1-api" has been found, beginning invocation! {"metadata":{"emulator":{"name":"functions"},"function":{"name":"us-central1-api"},"message":"[runtime-status] [19940] Trigger \"us-central1-api\" has been found, beginning invocation!"}}
[info] i  functions: Beginning execution of "us-central1-api" {"metadata":{"emulator":{"name":"functions"},"function":{"name":"us-central1-api"},"message":"Beginning execution of \"us-central1-api\""}}
[debug] [2021-06-29T02:10:14.683Z] [runtime-status] [19940] triggerDefinition {"httpsTrigger":{},"name":"api","entryPoint":"api","regions":["us-central1"],"region":"us-central1","id":"us-central1-api"} {"metadata":{"emulator":{"name":"functions"},"function":{"name":"us-central1-api"},"message":"[runtime-status] [19940] triggerDefinition {\"httpsTrigger\":{},\"name\":\"api\",\"entryPoint\":\"api\",\"regions\":[\"us-central1\"],\"region\":\"us-central1\",\"id\":\"us-central1-api\"}"}}
[debug] [2021-06-29T02:10:14.684Z] [runtime-status] [19940] Running us-central1-api in mode HTTPS {"metadata":{"emulator":{"name":"functions"},"function":{"name":"us-central1-api"},"message":"[runtime-status] [19940] Running us-central1-api in mode HTTPS"}}
[debug] [2021-06-29T02:10:14.686Z] [runtime-status] [19940] Attempting to listen to socketPath: \\?\pipe\D:\My Project\BeforeInterviewing\Amazin\functions\19940 {"metadata":{"emulator":{"name":"functions"},"function":{"name":"us-central1-api"},"message":"[runtime-status] [19940] Attempting to listen to socketPath: \\\\?\\pipe\\D:\\My Project\\BeforeInterviewing\\Amazin\\functions\\19940"}}
[debug] [2021-06-29T02:10:14.690Z] [functions] Runtime ready! Sending request! {"metadata":{"emulator":{"name":"functions"},"message":"[functions] Runtime ready! Sending request!"}}
[debug] [2021-06-29T02:10:14.692Z] [functions] Got req.url=/amazin-b9e18/us-central1/api, mapping to path=/ {"metadata":{"emulator":{"name":"functions"},"message":"[functions] Got req.url=/amazin-b9e18/us-central1/api, mapping to path=/"}}
[debug] [2021-06-29T02:10:14.700Z] [runtime-status] [19940] Ephemeral server handling GET request {"metadata":{"emulator":{"name":"functions"},"function":{"name":"us-central1-api"},"message":"[runtime-status] [19940] Ephemeral server handling GET request"}}
[debug] [2021-06-29T02:10:14.704Z] [runtime-status] [19940] Ephemeral server survived. {"metadata":{"emulator":{"name":"functions"},"function":{"name":"us-central1-api"},"message":"[runtime-status] [19940] Ephemeral server survived."}}
[info] i  functions: Finished "us-central1-api" in ~1s {"metadata":{"emulator":{"name":"functions"},"function":{"name":"us-central1-api"},"message":"Finished \"us-central1-api\" in ~1s"}}
[debug] [2021-06-29T02:10:14.707Z] [worker-us-central1-api-d54e285e-814b-41c5-8479-c654fcbc1006]: IDLE {"metadata":{"emulator":{"name":"functions"},"message":"[worker-us-central1-api-d54e285e-814b-41c5-8479-c654fcbc1006]: IDLE"}}
[debug] [2021-06-29T02:10:14.707Z] [work-queue] {"queueLength":0,"workRunningCount":0}
[debug] [2021-06-29T03:03:18.386Z] [work-queue] {"queueLength":1,"workRunningCount":0}
[debug] [2021-06-29T03:03:18.387Z] [work-queue] {"queueLength":0,"workRunningCount":1}
[debug] [2021-06-29T03:03:18.388Z] Accepted request GET /amazin-b9e18/us-central1/api --> us-central1-api
[debug] [2021-06-29T03:03:18.388Z] [worker-pool] submitWork(triggerId=us-central1-api) {"metadata":{"emulator":{"name":"functions"},"message":"[worker-pool] submitWork(triggerId=us-central1-api)"}}
[debug] [2021-06-29T03:03:18.389Z] [worker-us-central1-api-d54e285e-814b-41c5-8479-c654fcbc1006]: Assigning socketPath: \\?\pipe\D:\My Project\BeforeInterviewing\Amazin\functions\19940 {"metadata":{"emulator":{"name":"functions"},"message":"[worker-us-central1-api-d54e285e-814b-41c5-8479-c654fcbc1006]: Assigning socketPath: \\\\?\\pipe\\D:\\My Project\\BeforeInterviewing\\Amazin\\functions\\19940"}}
[debug] [2021-06-29T03:03:18.389Z] [worker-us-central1-api-d54e285e-814b-41c5-8479-c654fcbc1006]: BUSY {"metadata":{"emulator":{"name":"functions"},"message":"[worker-us-central1-api-d54e285e-814b-41c5-8479-c654fcbc1006]: BUSY"}}
[debug] [2021-06-29T03:03:18.391Z] [runtime-status] [19940] Trigger "us-central1-api" has been found, beginning invocation! {"metadata":{"emulator":{"name":"functions"},"function":{"name":"us-central1-api"},"message":"[runtime-status] [19940] Trigger \"us-central1-api\" has been found, beginning invocation!"}}
[info] i  functions: Beginning execution of "us-central1-api" {"metadata":{"emulator":{"name":"functions"},"function":{"name":"us-central1-api"},"message":"Beginning execution of \"us-central1-api\""}}
[debug] [2021-06-29T03:03:18.394Z] [runtime-status] [19940] triggerDefinition {"httpsTrigger":{},"name":"api","entryPoint":"api","regions":["us-central1"],"region":"us-central1","id":"us-central1-api"} {"metadata":{"emulator":{"name":"functions"},"function":{"name":"us-central1-api"},"message":"[runtime-status] [19940] triggerDefinition {\"httpsTrigger\":{},\"name\":\"api\",\"entryPoint\":\"api\",\"regions\":[\"us-central1\"],\"region\":\"us-central1\",\"id\":\"us-central1-api\"}"}}
[debug] [2021-06-29T03:03:18.394Z] [runtime-status] [19940] Running us-central1-api in mode HTTPS {"metadata":{"emulator":{"name":"functions"},"function":{"name":"us-central1-api"},"message":"[runtime-status] [19940] Running us-central1-api in mode HTTPS"}}
[debug] [2021-06-29T03:03:18.395Z] [runtime-status] [19940] Attempting to listen to socketPath: \\?\pipe\D:\My Project\BeforeInterviewing\Amazin\functions\19940 {"metadata":{"emulator":{"name":"functions"},"function":{"name":"us-central1-api"},"message":"[runtime-status] [19940] Attempting to listen to socketPath: \\\\?\\pipe\\D:\\My Project\\BeforeInterviewing\\Amazin\\functions\\19940"}}
[debug] [2021-06-29T03:03:18.397Z] [functions] Runtime ready! Sending request! {"metadata":{"emulator":{"name":"functions"},"message":"[functions] Runtime ready! Sending request!"}}
[debug] [2021-06-29T03:03:18.398Z] [functions] Got req.url=/amazin-b9e18/us-central1/api, mapping to path=/ {"metadata":{"emulator":{"name":"functions"},"message":"[functions] Got req.url=/amazin-b9e18/us-central1/api, mapping to path=/"}}
[debug] [2021-06-29T03:03:18.403Z] [runtime-status] [19940] Ephemeral server handling GET request {"metadata":{"emulator":{"name":"functions"},"function":{"name":"us-central1-api"},"message":"[runtime-status] [19940] Ephemeral server handling GET request"}}
[debug] [2021-06-29T03:03:18.405Z] [runtime-status] [19940] Ephemeral server survived. {"metadata":{"emulator":{"name":"functions"},"function":{"name":"us-central1-api"},"message":"[runtime-status] [19940] Ephemeral server survived."}}
[info] i  functions: Finished "us-central1-api" in ~1s {"metadata":{"emulator":{"name":"functions"},"function":{"name":"us-central1-api"},"message":"Finished \"us-central1-api\" in ~1s"}}
[debug] [2021-06-29T03:03:18.410Z] [worker-us-central1-api-d54e285e-814b-41c5-8479-c654fcbc1006]: IDLE {"metadata":{"emulator":{"name":"functions"},"message":"[worker-us-central1-api-d54e285e-814b-41c5-8479-c654fcbc1006]: IDLE"}}
[debug] [2021-06-29T03:03:18.410Z] [work-queue] {"queueLength":0,"workRunningCount":0}
